{
  message: 'Database is connected!',
  level: 'info',
  service: 'user-service',
  label: 'PH',
  timestamp: '2023-06-16T11:39:28.879Z'
}
{
  message: 'Example app listening on port 5000',
  level: 'info',
  service: 'user-service',
  label: 'PH',
  timestamp: '2023-06-16T11:39:28.892Z'
}
{
  message: 'Database is connected!',
  level: 'info',
  service: 'user-service',
  label: 'PH',
  timestamp: '2023-06-16T11:40:18.813Z'
}
{
  message: 'Example app listening on port 5000',
  level: 'info',
  service: 'user-service',
  label: 'PH',
  timestamp: '2023-06-16T11:40:18.840Z'
}
{
  message: 'Database is connected!',
  level: 'info',
  service: 'user-service',
  label: 'PH',
  timestamp: '2023-06-16T11:40:39.851Z'
}
{
  message: 'Example app listening on port 5000',
  level: 'info',
  service: 'user-service',
  label: 'PH',
  timestamp: '2023-06-16T11:40:39.868Z'
}
{
  message: 'Database is connected!',
  level: 'info',
  service: 'user-service',
  label: 'PH',
  timestamp: '2023-06-16T11:40:54.681Z'
}
{
  message: 'Example app listening on port 5000',
  level: 'info',
  service: 'user-service',
  label: 'PH',
  timestamp: '2023-06-16T11:40:54.698Z'
}
{
  message: 'Database is connected!',
  level: 'info',
  service: 'user-service',
  label: 'PH',
  timestamp: '2023-06-16T11:41:10.977Z'
}
{
  message: 'Example app listening on port 5000',
  level: 'info',
  service: 'user-service',
  label: 'PH',
  timestamp: '2023-06-16T11:41:10.997Z'
}
{
  message: 'Database is connected!',
  level: 'info',
  service: 'user-service',
  label: 'PH',
  timestamp: '2023-06-16T11:41:24.086Z'
}
{
  message: 'Example app listening on port 5000',
  level: 'info',
  service: 'user-service',
  label: 'PH',
  timestamp: '2023-06-16T11:41:24.103Z'
}
{
  message: 'Database is connected!',
  level: 'info',
  service: 'user-service',
  label: 'PH',
  timestamp: '2023-06-16T11:41:37.306Z'
}
{
  message: 'Example app listening on port 5000',
  level: 'info',
  service: 'user-service',
  label: 'PH',
  timestamp: '2023-06-16T11:41:37.371Z'
}
{
  message: 'Database is connected!',
  level: 'info',
  service: 'user-service',
  label: 'PH',
  timestamp: '2023-06-16T11:41:44.945Z'
}
{
  message: 'Example app listening on port 5000',
  level: 'info',
  service: 'user-service',
  label: 'PH',
  timestamp: '2023-06-16T11:41:44.970Z'
}
{
  message: 'Database is connected!',
  level: 'info',
  service: 'user-service',
  label: 'PH',
  timestamp: '2023-06-16T11:41:50.245Z'
}
{
  message: 'Example app listening on port 5000',
  level: 'info',
  service: 'user-service',
  label: 'PH',
  timestamp: '2023-06-16T11:41:50.264Z'
}
{
  message: 'Database is connected!',
  level: 'info',
  service: 'user-service',
  label: 'PH',
  timestamp: '2023-06-16T11:41:57.596Z'
}
{
  message: 'Example app listening on port 5000',
  level: 'info',
  service: 'user-service',
  label: 'PH',
  timestamp: '2023-06-16T11:41:57.614Z'
}
